<?xml version="1.0" encoding="UTF-8"?>
<testng-results ignored="0" total="1" passed="1" failed="0" skipped="0">
  <reporter-output>
  </reporter-output>
  <suite started-at="2024-03-16T19:24:35 IST" name="Default suite" finished-at="2024-03-16T19:24:48 IST" duration-ms="12114">
    <groups>
    </groups>
    <test started-at="2024-03-16T19:24:35 IST" name="Default test" finished-at="2024-03-16T19:24:48 IST" duration-ms="12114">
      <class name="onlyScroll.Flipkart">
        <test-method signature="scroll()[pri:0, instance:onlyScroll.Flipkart@20140db9]" started-at="2024-03-16T19:24:35 IST" name="scroll" finished-at="2024-03-16T19:24:48 IST" duration-ms="12072" status="PASS">
          <reporter-output>
          </reporter-output>
        </test-method> <!-- scroll -->
      </class> <!-- onlyScroll.Flipkart -->
    </test> <!-- Default test -->
  </suite> <!-- Default suite -->
</testng-results>
